<?xml version="1.0" encoding="UTF-8"?>
<!-- Generated by org.testng.reporters.JUnitReportReporter -->
<testsuite hostname="DESKTOP-OEQE97C" failures="0" tests="2" name="testcases.TC03_SearchFunction" time="11.011" errors="0" timestamp="2024-06-06T20:12:43 EET" skipped="0">
  <testcase classname="testcases.TC03_SearchFunction" name="loginUserCanSearch_P" time="5.364"/>
  <testcase classname="testcases.TC03_SearchFunction" name="loginUserCanSearch_P" time="5.647"/>
</testsuite> <!-- testcases.TC03_SearchFunction -->
