<?xml version="1.0" encoding="UTF-8"?>
<!-- Generated by org.testng.reporters.JUnitReportReporter -->
<testsuite hostname="DESKTOP-OEQE97C" failures="0" tests="1" name="testcases.TC02_Registration" time="2.294" errors="0" timestamp="2024-06-03T14:28:44 EET" skipped="0">
  <testcase classname="testcases.TC02_Registration" name="registerNewUserWithValidData_P" time="2.294"/>
</testsuite> <!-- testcases.TC02_Registration -->
