<?xml version="1.0" encoding="UTF-8"?>
<!-- Generated by org.testng.reporters.JUnitReportReporter -->
<testsuite hostname="DESKTOP-OEQE97C" failures="0" tests="2" name="testcases.TC02_Registration_NewDesign" time="6.240" errors="0" timestamp="2024-06-06T20:12:43 EET" skipped="0">
  <testcase classname="testcases.TC02_Registration_NewDesign" name="Regester_WithValidData_P" time="2.927"/>
  <testcase classname="testcases.TC02_Registration_NewDesign" name="Regester_WithValidData_P" time="3.313"/>
</testsuite> <!-- testcases.TC02_Registration_NewDesign -->
