<?xml version="1.0" encoding="UTF-8"?>
<!-- Generated by org.testng.reporters.JUnitReportReporter -->
<testsuite hostname="DESKTOP-OEQE97C" failures="0" tests="2" name="testcases.TC06_Add_to_wishlist" time="12.488" errors="0" timestamp="2024-06-06T20:12:42 EET" skipped="0">
  <testcase classname="testcases.TC06_Add_to_wishlist" name="Add_product_to_wishlist" time="6.039"/>
  <testcase classname="testcases.TC06_Add_to_wishlist" name="Add_product_to_wishlist" time="6.449"/>
</testsuite> <!-- testcases.TC06_Add_to_wishlist -->
