<?xml version="1.0" encoding="UTF-8"?>
<!-- Generated by org.testng.reporters.JUnitReportReporter -->
<testsuite hostname="DESKTOP-OEQE97C" failures="0" tests="2" name="testcases.TC01_Login_NewDesign" time="5.635" errors="0" timestamp="2024-06-06T20:12:43 EET" skipped="0">
  <testcase classname="testcases.TC01_Login_NewDesign" name="Login_with_valid_data_P" time="2.776"/>
  <testcase classname="testcases.TC01_Login_NewDesign" name="Login_with_valid_data_P" time="2.859"/>
</testsuite> <!-- testcases.TC01_Login_NewDesign -->
