<?xml version="1.0" encoding="UTF-8"?>
<!-- Generated by org.testng.reporters.JUnitReportReporter -->
<testsuite hostname="DESKTOP-OEQE97C" failures="0" tests="2" name="testcases.TC07_Add_to_compare_list" time="12.184" errors="0" timestamp="2024-06-06T20:12:43 EET" skipped="0">
  <testcase classname="testcases.TC07_Add_to_compare_list" name="Add_product_to_compare_list" time="5.564"/>
  <testcase classname="testcases.TC07_Add_to_compare_list" name="Add_product_to_compare_list" time="6.620"/>
</testsuite> <!-- testcases.TC07_Add_to_compare_list -->
