<?xml version="1.0" encoding="UTF-8"?>
<!-- Generated by org.testng.reporters.JUnitReportReporter -->
<testsuite hostname="DESKTOP-OEQE97C" failures="0" tests="2" name="testcases.TC05_Add_to_cart" time="13.221" errors="0" timestamp="2024-06-06T20:12:43 EET" skipped="0">
  <testcase classname="testcases.TC05_Add_to_cart" name="Add_product_to_cart_P" time="6.690"/>
  <testcase classname="testcases.TC05_Add_to_cart" name="Add_product_to_cart_P" time="6.531"/>
</testsuite> <!-- testcases.TC05_Add_to_cart -->
