<?xml version="1.0" encoding="UTF-8"?>
<!-- Generated by org.testng.reporters.JUnitReportReporter -->
<testsuite hostname="DESKTOP-OEQE97C" failures="0" tests="2" name="testcases.TC03_ResetPassword_NewDesign" time="4.761" errors="0" timestamp="2024-06-06T20:12:43 EET" skipped="0">
  <testcase classname="testcases.TC03_ResetPassword_NewDesign" name="Reset_password" time="2.176"/>
  <testcase classname="testcases.TC03_ResetPassword_NewDesign" name="Reset_password" time="2.585"/>
</testsuite> <!-- testcases.TC03_ResetPassword_NewDesign -->
