<?xml version="1.0" encoding="UTF-8"?>
<!-- Generated by org.testng.reporters.JUnitReportReporter -->
<testsuite hostname="DESKTOP-OEQE97C" failures="0" tests="2" name="testcases.TC08_Change_currency" time="14.613" errors="0" timestamp="2024-06-06T20:12:43 EET" skipped="0">
  <testcase classname="testcases.TC08_Change_currency" name="Convert_Currancy" time="7.345"/>
  <testcase classname="testcases.TC08_Change_currency" name="Convert_Currancy" time="7.268"/>
</testsuite> <!-- testcases.TC08_Change_currency -->
